2024-06-03 15:09:51.648 [info] Reading sessions from keychain...
2024-06-03 15:09:51.648 [info] Getting sessions for all scopes...
2024-06-03 15:09:51.648 [info] Getting sessions for all scopes...
2024-06-03 15:09:51.648 [info] Got 0 sessions for ...
2024-06-03 15:09:51.648 [info] Got 0 sessions for ...
2024-06-03 15:09:51.648 [info] Getting sessions for all scopes...
2024-06-03 15:09:51.648 [info] Got 0 sessions for ...
2024-06-03 15:09:51.699 [info] Getting sessions for read:user,repo,user:email,workflow...
2024-06-03 15:09:51.699 [info] Got 0 sessions for read:user,repo,user:email,workflow...
2024-06-03 15:09:55.922 [info] Logging in for the following scopes: read:user repo user:email workflow
2024-06-03 15:09:55.979 [info] Trying without local server... (read:user repo user:email workflow)
2024-06-03 15:10:25.142 [info] Exchanging code for token...
2024-06-03 15:10:26.121 [info] Token exchange success!
2024-06-03 15:10:26.142 [info] Getting user info...
2024-06-03 15:10:27.140 [info] Got account info!
2024-06-03 15:10:27.143 [info] Storing 1 sessions...
2024-06-03 15:10:36.532 [info] Reading sessions from keychain...
2024-06-03 15:10:36.533 [info] Stored 1 sessions!
2024-06-03 15:10:36.534 [info] Login success!
2024-06-03 15:10:36.838 [info] Got stored sessions!
2024-06-03 15:10:36.838 [info] Got 1 verified sessions.
2024-06-03 15:15:36.395 [info] Getting sessions for read:user,repo,user:email,workflow...
2024-06-03 15:15:36.399 [info] Got 1 sessions for read:user,repo,user:email,workflow...
2024-06-03 15:30:52.345 [info] Getting sessions for read:user,repo,user:email,workflow...
2024-06-03 15:30:52.348 [info] Got 1 sessions for read:user,repo,user:email,workflow...
