2024-05-15 15:53:15.233 [info] Added views:workbench.panel.markers.view in workbench.panel.markers
2024-05-15 15:53:15.233 [info] Added views:workbench.panel.output in workbench.panel.output
2024-05-15 15:53:15.233 [info] Added views:terminal in terminal
2024-05-15 15:53:15.233 [info] Added views:outline in workbench.view.explorer
2024-05-15 15:53:15.233 [info] Added views:workbench.scm in workbench.view.scm
2024-05-15 15:53:15.233 [info] Added views:workbench.view.search in workbench.view.search
2024-05-15 15:53:15.233 [info] Added views:timeline in workbench.view.explorer
2024-05-15 15:53:15.234 [info] Added views:workbench.explorer.emptyView in workbench.view.explorer
2024-05-15 15:53:18.796 [info] Added views:workbench.debug.variablesView,workbench.debug.watchExpressionsView,workbench.debug.callStackView,workbench.debug.breakPointsView in workbench.view.debug
2024-05-15 15:53:42.340 [info] Added views:~remote.forwardedPorts in ~remote.forwardedPortsContainer
2024-05-15 15:53:43.596 [info] Added views:workbench.panel.repl.view in workbench.panel.repl
2024-05-15 15:53:43.614 [info] Removed views:workbench.debug.breakPointsView,workbench.debug.callStackView,workbench.debug.watchExpressionsView,workbench.debug.variablesView from workbench.view.debug
2024-05-15 15:53:43.626 [info] Added views:workbench.debug.welcome in workbench.view.debug
2024-05-15 15:54:50.398 [info] Added views:workbench.debug.breakPointsView in workbench.view.debug
2024-05-15 15:54:56.323 [info] Added views:workbench.views.extensions.installed,workbench.views.extensions.popular,extensions.recommendedList in workbench.view.extensions
2024-05-15 15:54:56.373 [info] Removed views:workbench.views.extensions.popular from workbench.view.extensions
2024-05-15 15:54:57.521 [info] Removed views:extensions.recommendedList,workbench.views.extensions.installed from workbench.view.extensions
2024-05-15 15:54:57.620 [info] Added views:workbench.views.extensions.marketplace in workbench.view.extensions
2024-05-15 15:57:38.426 [info] Added views:workbench.view.testing in workbench.view.extension.test
2024-05-15 15:58:12.136 [info] Removed views:workbench.debug.welcome from workbench.view.debug
2024-05-15 15:58:12.428 [info] Added views:workbench.debug.variablesView,workbench.debug.watchExpressionsView,workbench.debug.callStackView in workbench.view.debug
2024-05-15 15:58:13.358 [info] Removed views:workbench.debug.callStackView,workbench.debug.watchExpressionsView,workbench.debug.variablesView from workbench.view.debug
2024-05-15 15:58:13.440 [info] Added views:workbench.debug.welcome in workbench.view.debug
