2024-06-03 15:37:13.299 [info] Added views:workbench.panel.markers.view in workbench.panel.markers
2024-06-03 15:37:13.299 [info] Added views:workbench.panel.output in workbench.panel.output
2024-06-03 15:37:13.299 [info] Added views:terminal in terminal
2024-06-03 15:37:13.300 [info] Added views:outline in workbench.view.explorer
2024-06-03 15:37:13.300 [info] Added views:workbench.scm in workbench.view.scm
2024-06-03 15:37:13.300 [info] Added views:workbench.view.search in workbench.view.search
2024-06-03 15:37:13.308 [info] Added views:timeline in workbench.view.explorer
2024-06-03 15:37:13.308 [info] Added views:workbench.explorer.emptyView in workbench.view.explorer
2024-06-03 15:37:24.608 [info] Added views:workbench.debug.welcome in workbench.view.debug
2024-06-03 15:37:30.852 [info] Added views:workbench.panel.repl.view in workbench.panel.repl
2024-06-03 15:37:37.957 [info] Added views:workbench.view.testing in workbench.view.extension.test
2024-06-03 15:38:02.903 [info] Added views:~remote.forwardedPorts in ~remote.forwardedPortsContainer
2024-06-03 15:54:07.592 [info] Removed views:workbench.view.testing from workbench.view.extension.test
2024-06-03 15:54:22.121 [info] Added views:workbench.panel.markers.view in workbench.panel.markers
2024-06-03 15:54:22.122 [info] Added views:workbench.panel.output in workbench.panel.output
2024-06-03 15:54:22.122 [info] Added views:terminal in terminal
2024-06-03 15:54:22.122 [info] Added views:outline in workbench.view.explorer
2024-06-03 15:54:22.122 [info] Added views:workbench.scm in workbench.view.scm
2024-06-03 15:54:22.122 [info] Added views:workbench.view.search in workbench.view.search
2024-06-03 15:54:22.122 [info] Added views:timeline in workbench.view.explorer
2024-06-03 15:54:22.122 [info] Added views:workbench.explorer.fileView in workbench.view.explorer
2024-06-03 15:54:31.600 [info] Added views:workbench.debug.variablesView,workbench.debug.watchExpressionsView,workbench.debug.callStackView,workbench.debug.breakPointsView in workbench.view.debug
2024-06-03 15:54:32.829 [info] Added views:workbench.panel.repl.view in workbench.panel.repl
2024-06-03 15:54:32.865 [info] Removed views:workbench.debug.breakPointsView,workbench.debug.callStackView,workbench.debug.watchExpressionsView,workbench.debug.variablesView from workbench.view.debug
2024-06-03 15:54:32.870 [info] Added views:workbench.debug.welcome in workbench.view.debug
2024-06-03 15:54:37.522 [info] Added views:~remote.forwardedPorts in ~remote.forwardedPortsContainer
2024-06-03 15:55:32.049 [info] Added views:workbench.view.testing in workbench.view.extension.test
