2024-05-15 15:53:37.247 [info] Started initializing default profile extensions in extensions installation folder. file:///home/lawmess/.vscode/extensions
2024-05-15 15:53:41.559 [error] [uncaught exception in sharedProcess]: Error: ENOENT: no such file or directory, stat '/home/lawmess/.vscode/extensions/extensions.json.vsctmp': EntryNotFound (FileSystemError): Error: ENOENT: no such file or directory, stat '/home/lawmess/.vscode/extensions/extensions.json.vsctmp'
    at a.create (/usr/share/code/resources/app/out/vs/code/node/sharedProcess/sharedProcessMain.js:53:30019)
    at b (/usr/share/code/resources/app/out/vs/code/node/sharedProcess/sharedProcessMain.js:53:30130)
    at t.hb (/usr/share/code/resources/app/out/vs/code/node/sharedProcess/sharedProcessMain.js:58:36600)
    at t.stat (/usr/share/code/resources/app/out/vs/code/node/sharedProcess/sharedProcessMain.js:58:29040)
    at async $.stat (/usr/share/code/resources/app/out/vs/code/node/sharedProcess/sharedProcessMain.js:58:16186)
    at async J.sb (/usr/share/code/resources/app/out/vs/code/node/sharedProcess/sharedProcessMain.js:104:109501)
2024-05-15 15:53:41.847 [warning] Failed to create default profile extensions manifest in extensions installation folder. file:///home/lawmess/.vscode/extensions Unable to create file 'vscode-userdata:/home/lawmess/.vscode/extensions/extensions.json' that already exists when overwrite flag is not set
2024-05-15 15:53:41.848 [info] Completed initializing default profile extensions in extensions installation folder. file:///home/lawmess/.vscode/extensions
2024-05-15 15:55:13.227 [info] Getting Manifest... ms-python.python
2024-05-15 15:55:13.530 [info] Installing extension: ms-python.python
2024-05-15 15:55:16.883 [info] Getting Manifest... ms-python.vscode-pylance
2024-05-15 15:55:17.077 [info] Getting Manifest... ms-python.debugpy
2024-05-15 15:55:17.897 [info] Installing extension: ms-python.vscode-pylance
2024-05-15 15:55:17.898 [info] Installing extension: ms-python.debugpy
2024-05-15 15:55:41.555 [info] Extension signature verification result for ms-python.debugpy: Success. Duration: 16498ms.
2024-05-15 15:55:48.117 [info] Extension signature verification result for ms-python.python: Success. Duration: 15164ms.
2024-05-15 15:55:54.978 [info] Extension signature verification result for ms-python.vscode-pylance: Success. Duration: 16626ms.
2024-05-15 15:55:56.885 [info] Extracted extension to file:///home/lawmess/.vscode/extensions/ms-python.debugpy-2024.6.0-linux-x64: ms-python.debugpy
2024-05-15 15:55:57.195 [info] Renamed to /home/lawmess/.vscode/extensions/ms-python.debugpy-2024.6.0-linux-x64
2024-05-15 15:55:57.237 [info] Extracting extension completed. ms-python.debugpy
2024-05-15 15:56:37.495 [info] Extracted extension to file:///home/lawmess/.vscode/extensions/ms-python.python-2024.6.0: ms-python.python
2024-05-15 15:56:37.649 [info] Renamed to /home/lawmess/.vscode/extensions/ms-python.python-2024.6.0
2024-05-15 15:56:37.711 [info] Extracting extension completed. ms-python.python
2024-05-15 15:56:38.066 [error] [uncaught exception in sharedProcess]: Error: ENOENT: no such file or directory, stat '/home/lawmess/.vscode/extensions/extensions.json.vsctmp': EntryNotFound (FileSystemError): Error: ENOENT: no such file or directory, stat '/home/lawmess/.vscode/extensions/extensions.json.vsctmp'
    at a.create (/usr/share/code/resources/app/out/vs/code/node/sharedProcess/sharedProcessMain.js:53:30019)
    at b (/usr/share/code/resources/app/out/vs/code/node/sharedProcess/sharedProcessMain.js:53:30130)
    at t.hb (/usr/share/code/resources/app/out/vs/code/node/sharedProcess/sharedProcessMain.js:58:36600)
    at t.stat (/usr/share/code/resources/app/out/vs/code/node/sharedProcess/sharedProcessMain.js:58:29040)
    at async $.stat (/usr/share/code/resources/app/out/vs/code/node/sharedProcess/sharedProcessMain.js:58:16186)
    at async J.sb (/usr/share/code/resources/app/out/vs/code/node/sharedProcess/sharedProcessMain.js:104:109501)
2024-05-15 15:57:30.057 [info] Extracted extension to file:///home/lawmess/.vscode/extensions/ms-python.vscode-pylance-2024.5.1: ms-python.vscode-pylance
2024-05-15 15:57:30.241 [info] Renamed to /home/lawmess/.vscode/extensions/ms-python.vscode-pylance-2024.5.1
2024-05-15 15:57:30.304 [info] Extracting extension completed. ms-python.vscode-pylance
2024-05-15 15:57:30.551 [info] Extension installed successfully: ms-python.debugpy
2024-05-15 15:57:30.602 [info] Extension installed successfully: ms-python.python
2024-05-15 15:57:30.618 [info] Extension installed successfully: ms-python.vscode-pylance
2024-05-15 15:57:30.671 [error] [uncaught exception in sharedProcess]: Error: ENOENT: no such file or directory, stat '/home/lawmess/.vscode/extensions/extensions.json.vsctmp': EntryNotFound (FileSystemError): Error: ENOENT: no such file or directory, stat '/home/lawmess/.vscode/extensions/extensions.json.vsctmp'
    at a.create (/usr/share/code/resources/app/out/vs/code/node/sharedProcess/sharedProcessMain.js:53:30019)
    at b (/usr/share/code/resources/app/out/vs/code/node/sharedProcess/sharedProcessMain.js:53:30130)
    at t.hb (/usr/share/code/resources/app/out/vs/code/node/sharedProcess/sharedProcessMain.js:58:36600)
    at t.stat (/usr/share/code/resources/app/out/vs/code/node/sharedProcess/sharedProcessMain.js:58:29040)
    at async $.stat (/usr/share/code/resources/app/out/vs/code/node/sharedProcess/sharedProcessMain.js:58:16186)
    at async J.sb (/usr/share/code/resources/app/out/vs/code/node/sharedProcess/sharedProcessMain.js:104:109501)
