2024-06-03 15:37:42.871 [info] Log level: Info
2024-06-03 15:37:42.871 [info] Validating found git in: "git"
2024-06-03 15:37:42.871 [info] Using git "2.39.2" from "git"
2024-06-03 15:37:42.871 [info] > git rev-parse --show-toplevel [30ms]
2024-06-03 15:55:26.390 [info] Log level: Info
2024-06-03 15:55:26.390 [info] Validating found git in: "git"
2024-06-03 15:55:26.390 [info] Using git "2.39.2" from "git"
2024-06-03 15:55:26.390 [info] > git rev-parse --show-toplevel [33ms]
2024-06-03 15:55:26.390 [info] > git rev-parse --show-toplevel [15ms]
2024-06-03 15:55:38.607 [info] > git rev-parse --show-toplevel [8ms]
2024-06-03 15:55:38.660 [info] > git rev-parse --git-dir --git-common-dir [8ms]
2024-06-03 15:55:38.848 [info] Open repository: /home/lawmess
2024-06-03 15:55:39.011 [info] > git config --get commit.template [49ms]
2024-06-03 15:55:39.108 [info] > git for-each-ref --format=%(refname)%00%(upstream:short)%00%(objectname)%00%(upstream:track)%00%(upstream:remotename)%00%(upstream:remoteref) refs/heads/master refs/remotes/master [54ms]
2024-06-03 15:55:39.990 [info] > git check-ignore -v -z --stdin [95ms]
2024-06-03 15:55:40.531 [info] > git show --textconv :Python_project/Trial1.py [183ms]
2024-06-03 15:55:40.556 [info] > git ls-files --stage -- /home/lawmess/Python_project/Trial1.py [71ms]
2024-06-03 15:55:40.629 [info] > git cat-file -s e1e8f781b34e729fa136284a97b6916b42effac4 [31ms]
2024-06-03 15:55:40.740 [info] > git status -z -uall [1595ms]
2024-06-03 15:55:41.396 [info] > git merge-base refs/heads/master refs/remotes/origin/master [585ms]
2024-06-03 15:55:41.537 [info] > git rev-list --count --left-right refs/heads/master...refs/remotes/origin/master [92ms]
2024-06-03 15:55:41.593 [info] > git config --get commit.template [215ms]
2024-06-03 15:55:41.945 [info] > git diff --name-status -z --diff-filter=ADMR 504af4368bc6e52a6904342172836fbcf72d3318...refs/remotes/origin/master [363ms]
2024-06-03 15:55:42.456 [info] > git for-each-ref --format=%(refname)%00%(upstream:short)%00%(objectname)%00%(upstream:track)%00%(upstream:remotename)%00%(upstream:remoteref) refs/heads/master refs/remotes/master [69ms]
2024-06-03 15:55:43.589 [info] > git status -z -uall [1026ms]
2024-06-03 16:00:03.213 [info] > git for-each-ref --format=%(refname)%00%(upstream:short)%00%(objectname)%00%(upstream:track)%00%(upstream:remotename)%00%(upstream:remoteref) refs/heads/master refs/remotes/master [541ms]
2024-06-03 16:00:03.217 [info] > git config --get commit.template [1989ms]
2024-06-03 16:00:05.527 [info] > git status -z -uall [2078ms]
2024-06-03 16:00:10.743 [info] > git config --get commit.template [13ms]
2024-06-03 16:00:10.785 [info] > git for-each-ref --format=%(refname)%00%(upstream:short)%00%(objectname)%00%(upstream:track)%00%(upstream:remotename)%00%(upstream:remoteref) refs/heads/master refs/remotes/master [21ms]
2024-06-03 16:00:11.663 [info] > git status -z -uall [843ms]
2024-06-03 16:00:19.401 [info] > git config --get commit.template [28ms]
2024-06-03 16:00:19.409 [info] > git for-each-ref --format=%(refname)%00%(upstream:short)%00%(objectname)%00%(upstream:track)%00%(upstream:remotename)%00%(upstream:remoteref) refs/heads/master refs/remotes/master [11ms]
2024-06-03 16:00:19.927 [info] > git status -z -uall [486ms]
2024-06-03 16:00:26.567 [info] > git config --get commit.template [3ms]
2024-06-03 16:00:26.595 [info] > git for-each-ref --format=%(refname)%00%(upstream:short)%00%(objectname)%00%(upstream:track)%00%(upstream:remotename)%00%(upstream:remoteref) refs/heads/master refs/remotes/master [10ms]
2024-06-03 16:00:26.983 [info] > git status -z -uall [363ms]
