2024-06-03 15:37:48.995 [info] (Client) Pylance async client (2024.5.1) started with python extension (2024.6.0)
2024-06-03 15:37:57.014 [info] [Info  - 3:37:56 PM] (7657) Pylance language server 2024.5.1 (pyright version 1.1.360, commit 4bc8428d) starting
2024-06-03 15:37:57.108 [info] [Info  - 3:37:57 PM] (7657) Server root directory: file:///home/lawmess/.vscode/extensions/ms-python.vscode-pylance-2024.5.1/dist
2024-06-03 15:37:57.109 [info] [Info  - 3:37:57 PM] (7657) Auto-Indent enabled
2024-06-03 15:37:57.441 [info] [Info  - 3:37:57 PM] (7657) Starting service instance "<default>"
2024-06-03 15:37:58.293 [info] [Info  - 3:37:58 PM] (7657) Setting pythonPath for service "<default>": "/bin/python3"
2024-06-03 15:37:58.299 [info] [Info  - 3:37:58 PM] (7657) Setting environmentName for service "<default>": "3.11.2 (global)"
2024-06-03 15:37:59.175 [info] [Info  - 3:37:59 PM] (7657) Assuming Python version 3.11.2.final.0
2024-06-03 15:38:00.998 [info] [Info  - 3:38:00 PM] (7657) No source files found.
2024-06-03 15:38:01.873 [info] [Info  - 3:38:01 PM] (7657) Setting pythonPath for service "<default>": "/bin/python3"
2024-06-03 15:38:01.881 [info] [Info  - 3:38:01 PM] (7657) Setting environmentName for service "<default>": "3.11.2 (global)"
2024-06-03 15:38:02.305 [info] [Info  - 3:38:02 PM] (7657) Assuming Python version 3.11.2.final.0
2024-06-03 15:38:03.708 [info] [Info  - 3:38:03 PM] (7657) No source files found.
2024-06-03 15:38:07.397 [info] [Info  - 3:38:07 PM] (7657) Background analysis(1) root directory: file:///home/lawmess/.vscode/extensions/ms-python.vscode-pylance-2024.5.1/dist
2024-06-03 15:38:07.453 [info] [Info  - 3:38:07 PM] (7657) Background analysis(1) started
2024-06-03 15:38:17.774 [info] [Info  - 3:38:17 PM] (7657) [BG(1)] Long operation: checking: file:///home/lawmess/Python_project/Trial1.py (2008ms)
2024-06-03 15:38:17.776 [info] [Info  - 3:38:17 PM] (7657) [BG(1)] Long operation: analyzing: file:///home/lawmess/Python_project/Trial1.py (5501ms)
2024-06-03 15:55:36.950 [info] (Client) Pylance async client (2024.5.1) started with python extension (2024.6.0)
2024-06-03 15:55:44.889 [info] [Info  - 3:55:44 PM] (8797) Pylance language server 2024.5.1 (pyright version 1.1.360, commit 4bc8428d) starting
2024-06-03 15:55:44.924 [info] [Info  - 3:55:44 PM] (8797) Server root directory: file:///home/lawmess/.vscode/extensions/ms-python.vscode-pylance-2024.5.1/dist
2024-06-03 15:55:44.939 [info] [Info  - 3:55:44 PM] (8797) Starting service instance "Python_project"
2024-06-03 15:55:44.976 [info] [Info  - 3:55:44 PM] (8797) Auto-Indent enabled
2024-06-03 15:55:45.909 [info] [Info  - 3:55:45 PM] (8797) Setting pythonPath for service "Python_project": "/bin/python3"
2024-06-03 15:55:45.914 [info] [Info  - 3:55:45 PM] (8797) Setting environmentName for service "Python_project": "3.11.2 (global)"
2024-06-03 15:55:46.224 [info] [Info  - 3:55:46 PM] (8797) Assuming Python version 3.11.2.final.0
2024-06-03 15:55:46.955 [info] [Info  - 3:55:46 PM] (8797) Found 1 source file
2024-06-03 15:55:52.863 [info] [Info  - 3:55:52 PM] (8797) Background analysis(1) root directory: file:///home/lawmess/.vscode/extensions/ms-python.vscode-pylance-2024.5.1/dist
2024-06-03 15:55:52.865 [info] [Info  - 3:55:52 PM] (8797) Background analysis(1) started
2024-06-03 15:55:56.433 [info] [Info  - 3:55:56 PM] (8797) Indexer background runner(2) root directory: file:///home/lawmess/.vscode/extensions/ms-python.vscode-pylance-2024.5.1/dist (index)
2024-06-03 15:55:56.457 [info] [Info  - 3:55:56 PM] (8797) Indexing(2) started
2024-06-03 15:55:59.764 [info] [Info  - 3:55:59 PM] (8797) [BG(1)] Long operation: SemanticTokens full at file:///home/lawmess/Python_project/Trial1.py (4802ms)
2024-06-03 15:56:03.047 [info] [Info  - 3:56:03 PM] (8797) [IDX(2)] Long operation: scan packages file:///home/lawmess/Python_project (5345ms)
2024-06-03 15:56:03.052 [info] [Info  - 3:56:03 PM] (8797) scanned(2) 15 files over 1 exec env
2024-06-03 15:56:14.412 [info] [Info  - 3:56:14 PM] (8797) [IDX(2)] Long operation: parsing: file:///home/lawmess/.vscode/extensions/ms-python.vscode-pylance-2024.5.1/dist/typeshed-fallback/stdlib/builtins.pyi (2369ms)
2024-06-03 15:56:17.674 [info] [Info  - 3:56:17 PM] (8797) [IDX(2)] Long operation: binding: file:///home/lawmess/.vscode/extensions/ms-python.vscode-pylance-2024.5.1/dist/typeshed-fallback/stubs/networkx/networkx/__init__.pyi (3045ms)
2024-06-03 15:56:21.711 [info] [Info  - 3:56:21 PM] (8797) [IDX(2)] Long operation: indexing: file:///home/lawmess/.vscode/extensions/ms-python.vscode-pylance-2024.5.1/dist/typeshed-fallback/stubs/networkx/networkx/__init__.pyi (11288ms)
2024-06-03 15:56:22.190 [info] [Info  - 3:56:22 PM] (8797) [IDX(2)] Long operation: index execution environment file:///home/lawmess/Python_project (11792ms)
2024-06-03 15:56:22.275 [info] [Info  - 3:56:22 PM] (8797) [IDX(2)] Long operation: index packages file:///home/lawmess/Python_project (12178ms)
2024-06-03 15:56:22.278 [info] [Info  - 3:56:22 PM] (8797) indexed(2) 5 files over 1 exec env
2024-06-03 15:56:22.802 [info] [Info  - 3:56:22 PM] (8797) Indexing finished(2).
