2024-05-20 14:13:38.608 [warning] Creation of workbench contribution 'workbench.contrib.explorerViewletViews' took 37ms.
2024-05-20 14:13:38.755 [warning] Creation of workbench contribution 'workbench.contrib.textMateTokenizationInstantiator' took 30ms.
2024-05-20 14:13:41.168 [info] Started local extension host with pid 494.
2024-05-20 14:14:04.072 [info] Extension host (LocalProcess pid: 494) is unresponsive.
2024-05-20 14:14:04.727 [info] Extension host (LocalProcess pid: 494) is responsive.
2024-05-20 14:14:30.525 [info] [perf] Render performance baseline is 414ms
2024-05-20 14:17:15.888 [error] Cancelled: Canceled
    at ee.B (vscode-file://vscode-app/usr/share/code/resources/app/out/vs/workbench/workbench.desktop.main.js:792:24018)
    at async ee.z (vscode-file://vscode-app/usr/share/code/resources/app/out/vs/workbench/workbench.desktop.main.js:792:20814)
    at async ee.getExtensions (vscode-file://vscode-app/usr/share/code/resources/app/out/vs/workbench/workbench.desktop.main.js:792:17451)
    at async X.getExtensions (vscode-file://vscode-app/usr/share/code/resources/app/out/vs/workbench/workbench.desktop.main.js:2477:14090)
    at async Oe.Oc (vscode-file://vscode-app/usr/share/code/resources/app/out/vs/workbench/workbench.desktop.main.js:2413:25245)
    at async Oe.Xc (vscode-file://vscode-app/usr/share/code/resources/app/out/vs/workbench/workbench.desktop.main.js:2413:28048)
    at async Oe.uc (vscode-file://vscode-app/usr/share/code/resources/app/out/vs/workbench/workbench.desktop.main.js:2413:14733)
    at async vscode-file://vscode-app/usr/share/code/resources/app/out/vs/workbench/workbench.desktop.main.js:2413:13032
2024-05-20 14:19:43.417 [error] Cancelled: Canceled
    at ee.B (vscode-file://vscode-app/usr/share/code/resources/app/out/vs/workbench/workbench.desktop.main.js:792:24018)
    at async ee.z (vscode-file://vscode-app/usr/share/code/resources/app/out/vs/workbench/workbench.desktop.main.js:792:20814)
    at async _ (vscode-file://vscode-app/usr/share/code/resources/app/out/vs/workbench/workbench.desktop.main.js:792:19741)
    at async ee.query (vscode-file://vscode-app/usr/share/code/resources/app/out/vs/workbench/workbench.desktop.main.js:792:20039)
    at async X.queryGallery (vscode-file://vscode-app/usr/share/code/resources/app/out/vs/workbench/workbench.desktop.main.js:2477:13663)
    at async Me.Kc (vscode-file://vscode-app/usr/share/code/resources/app/out/vs/workbench/workbench.desktop.main.js:2413:23125)
    at async Me.uc (vscode-file://vscode-app/usr/share/code/resources/app/out/vs/workbench/workbench.desktop.main.js:2413:14733)
    at async vscode-file://vscode-app/usr/share/code/resources/app/out/vs/workbench/workbench.desktop.main.js:2413:13032
