2024-05-20 14:13:40.128 [info] Added views:workbench.panel.markers.view in workbench.panel.markers
2024-05-20 14:13:40.128 [info] Added views:workbench.panel.output in workbench.panel.output
2024-05-20 14:13:40.128 [info] Added views:terminal in terminal
2024-05-20 14:13:40.128 [info] Added views:outline in workbench.view.explorer
2024-05-20 14:13:40.128 [info] Added views:workbench.scm in workbench.view.scm
2024-05-20 14:13:40.128 [info] Added views:workbench.view.search in workbench.view.search
2024-05-20 14:13:40.128 [info] Added views:timeline in workbench.view.explorer
2024-05-20 14:13:40.128 [info] Added views:workbench.explorer.emptyView in workbench.view.explorer
2024-05-20 14:13:44.111 [info] Added views:workbench.debug.welcome in workbench.view.debug
2024-05-20 14:13:56.773 [info] Added views:workbench.panel.repl.view in workbench.panel.repl
2024-05-20 14:13:59.823 [info] Added views:workbench.view.testing in workbench.view.extension.test
2024-05-20 14:14:13.665 [info] Added views:~remote.forwardedPorts in ~remote.forwardedPortsContainer
2024-05-20 14:17:11.291 [info] Added views:workbench.views.extensions.installed,workbench.views.extensions.popular,extensions.recommendedList in workbench.view.extensions
2024-05-20 14:17:11.324 [info] Removed views:workbench.views.extensions.popular from workbench.view.extensions
2024-05-20 14:17:14.740 [info] Removed views:extensions.recommendedList,workbench.views.extensions.installed from workbench.view.extensions
2024-05-20 14:17:14.879 [info] Added views:workbench.views.extensions.marketplace in workbench.view.extensions
2024-05-20 14:17:50.806 [info] Removed views:workbench.views.extensions.marketplace from workbench.view.extensions
2024-05-20 14:17:50.875 [info] Added views:workbench.views.extensions.installed,extensions.recommendedList in workbench.view.extensions
2024-05-20 14:19:42.532 [info] Removed views:extensions.recommendedList,workbench.views.extensions.installed from workbench.view.extensions
2024-05-20 14:19:42.608 [info] Added views:workbench.views.extensions.marketplace in workbench.view.extensions
